===============================================================
Gobuster v3.0.1
by OJ Reeves (@TheColonial) & Christian Mehlmauer (@_FireFart_)
===============================================================
[+] Url:            http://192.168.1.122/
[+] Threads:        10
[+] Wordlist:       /opt/1337/directory-list-2.3-medium.txt
[+] Status codes:   200,204,301,302,307,401,403
[+] User Agent:     gobuster/3.0.1
[+] Timeout:        10s
===============================================================
2022/01/08 21:50:50 Starting gobuster
===============================================================
/calendar (Status: 301)
/assets (Status: 301)
/cms (Status: 301)
/javascript (Status: 301)
/drupal (Status: 301)
/phpmyadmin (Status: 301)
/server-status (Status: 403)
===============================================================
2022/01/08 21:51:30 Finished
===============================================================
