Starting enum4linux v0.8.9 ( http://labs.portcullis.co.uk/application/enum4linux/ ) on Sat Jun  4 15:41:42 2022

 ========================== 
|    Target Information    |
 ========================== 
Target ........... nonexistent.corp
RID Range ........ 500-550,1000-1050
Username ......... ''
Password ......... ''
Known Usernames .. administrator, guest, krbtgt, domain admins, root, bin, none


 ======================================================== 
|    Enumerating Workgroup/Domain on nonexistent.corp    |
 ======================================================== 
[+] Got domain/workgroup name: MYGROUP

 ================================================ 
|    Nbtstat Information for nonexistent.corp    |
 ================================================ 
Looking up status of 192.168.1.20
	KIOPTRIX        <00> -         B <ACTIVE>  Workstation Service
	KIOPTRIX        <03> -         B <ACTIVE>  Messenger Service
	KIOPTRIX        <20> -         B <ACTIVE>  File Server Service
	..__MSBROWSE__. <01> - <GROUP> B <ACTIVE>  Master Browser
	MYGROUP         <00> - <GROUP> B <ACTIVE>  Domain/Workgroup Name
	MYGROUP         <1d> -         B <ACTIVE>  Master Browser
	MYGROUP         <1e> - <GROUP> B <ACTIVE>  Browser Service Elections

	MAC Address = 00-00-00-00-00-00

 ========================================= 
|    Session Check on nonexistent.corp    |
 ========================================= 
[E] Server doesn't allow session using username '', password ''.  Aborting remainder of tests.
